[2023-07-17T21:45:47.499+0000] {taskinstance.py:1103} INFO - Dependencies all met for dep_context=non-requeueable deps ti=<TaskInstance: main_dag.data_acquisition manual__2023-07-17T21:45:39.500492+00:00 [queued]>
[2023-07-17T21:45:47.508+0000] {taskinstance.py:1103} INFO - Dependencies all met for dep_context=requeueable deps ti=<TaskInstance: main_dag.data_acquisition manual__2023-07-17T21:45:39.500492+00:00 [queued]>
[2023-07-17T21:45:47.509+0000] {taskinstance.py:1308} INFO - Starting attempt 1 of 1
[2023-07-17T21:45:47.524+0000] {taskinstance.py:1327} INFO - Executing <Task(PythonOperator): data_acquisition> on 2023-07-17 21:45:39.500492+00:00
[2023-07-17T21:45:47.529+0000] {standard_task_runner.py:57} INFO - Started process 517 to run task
[2023-07-17T21:45:47.531+0000] {standard_task_runner.py:84} INFO - Running: ['***', 'tasks', 'run', 'main_dag', 'data_acquisition', 'manual__2023-07-17T21:45:39.500492+00:00', '--job-id', '790', '--raw', '--subdir', 'DAGS_FOLDER/main_dag.py', '--cfg-path', '/tmp/tmpplnex4_t']
[2023-07-17T21:45:47.533+0000] {standard_task_runner.py:85} INFO - Job 790: Subtask data_acquisition
[2023-07-17T21:45:47.578+0000] {task_command.py:410} INFO - Running <TaskInstance: main_dag.data_acquisition manual__2023-07-17T21:45:39.500492+00:00 [running]> on host 7e57cd07412d
[2023-07-17T21:45:47.670+0000] {taskinstance.py:1547} INFO - Exporting env vars: AIRFLOW_CTX_DAG_OWNER='***' AIRFLOW_CTX_DAG_ID='main_dag' AIRFLOW_CTX_TASK_ID='data_acquisition' AIRFLOW_CTX_EXECUTION_DATE='2023-07-17T21:45:39.500492+00:00' AIRFLOW_CTX_TRY_NUMBER='1' AIRFLOW_CTX_DAG_RUN_ID='manual__2023-07-17T21:45:39.500492+00:00'
[2023-07-17T21:46:41.544+0000] {logging_mixin.py:150} WARNING - /home/***/.local/lib/python3.7/site-packages/wikipedia/wikipedia.py:389 GuessedAtParserWarning: No parser was explicitly specified, so I'm using the best available HTML parser for this system ("lxml"). This usually isn't a problem, but if you run this code on another system, or in a different virtual environment, it may use a different parser and behave differently.

The code that caused this warning is on line 389 of the file /home/***/.local/lib/python3.7/site-packages/wikipedia/wikipedia.py. To get rid of this warning, pass the additional argument 'features="lxml"' to the BeautifulSoup constructor.
[2023-07-17T21:52:51.475+0000] {taskinstance.py:1824} ERROR - Task failed with exception
Traceback (most recent call last):
  File "/home/airflow/.local/lib/python3.7/site-packages/urllib3/connection.py", line 175, in _new_conn
    (self._dns_host, self.port), self.timeout, **extra_kw
  File "/home/airflow/.local/lib/python3.7/site-packages/urllib3/util/connection.py", line 72, in create_connection
    for res in socket.getaddrinfo(host, port, family, socket.SOCK_STREAM):
  File "/usr/local/lib/python3.7/socket.py", line 752, in getaddrinfo
    for res in _socket.getaddrinfo(host, port, family, type, proto, flags):
socket.gaierror: [Errno -2] Name or service not known

During handling of the above exception, another exception occurred:

Traceback (most recent call last):
  File "/home/airflow/.local/lib/python3.7/site-packages/urllib3/connectionpool.py", line 721, in urlopen
    chunked=chunked,
  File "/home/airflow/.local/lib/python3.7/site-packages/urllib3/connectionpool.py", line 415, in _make_request
    conn.request(method, url, **httplib_request_kw)
  File "/home/airflow/.local/lib/python3.7/site-packages/urllib3/connection.py", line 244, in request
    super(HTTPConnection, self).request(method, url, body=body, headers=headers)
  File "/usr/local/lib/python3.7/http/client.py", line 1281, in request
    self._send_request(method, url, body, headers, encode_chunked)
  File "/usr/local/lib/python3.7/http/client.py", line 1327, in _send_request
    self.endheaders(body, encode_chunked=encode_chunked)
  File "/usr/local/lib/python3.7/http/client.py", line 1276, in endheaders
    self._send_output(message_body, encode_chunked=encode_chunked)
  File "/usr/local/lib/python3.7/http/client.py", line 1036, in _send_output
    self.send(msg)
  File "/usr/local/lib/python3.7/http/client.py", line 976, in send
    self.connect()
  File "/home/airflow/.local/lib/python3.7/site-packages/urllib3/connection.py", line 205, in connect
    conn = self._new_conn()
  File "/home/airflow/.local/lib/python3.7/site-packages/urllib3/connection.py", line 187, in _new_conn
    self, "Failed to establish a new connection: %s" % e
urllib3.exceptions.NewConnectionError: <urllib3.connection.HTTPConnection object at 0x7f4fd194ea90>: Failed to establish a new connection: [Errno -2] Name or service not known

During handling of the above exception, another exception occurred:

Traceback (most recent call last):
  File "/home/airflow/.local/lib/python3.7/site-packages/requests/adapters.py", line 497, in send
    chunked=chunked,
  File "/home/airflow/.local/lib/python3.7/site-packages/urllib3/connectionpool.py", line 799, in urlopen
    method, url, error=e, _pool=self, _stacktrace=sys.exc_info()[2]
  File "/home/airflow/.local/lib/python3.7/site-packages/urllib3/util/retry.py", line 592, in increment
    raise MaxRetryError(_pool, url, error or ResponseError(cause))
urllib3.exceptions.MaxRetryError: HTTPConnectionPool(host='en.wikipedia.org', port=80): Max retries exceeded with url: /w/api.php?prop=links&plnamespace=0&pllimit=max&titles=Simplicial+complex&format=json&action=query (Caused by NewConnectionError('<urllib3.connection.HTTPConnection object at 0x7f4fd194ea90>: Failed to establish a new connection: [Errno -2] Name or service not known'))

During handling of the above exception, another exception occurred:

Traceback (most recent call last):
  File "/home/airflow/.local/lib/python3.7/site-packages/airflow/operators/python.py", line 181, in execute
    return_value = self.execute_callable()
  File "/home/airflow/.local/lib/python3.7/site-packages/airflow/operators/python.py", line 198, in execute_callable
    return self.python_callable(*self.op_args, **self.op_kwargs)
  File "/opt/airflow/dags/main_dag.py", line 79, in data_acquisition
    for link in wiki.links:
  File "/home/airflow/.local/lib/python3.7/site-packages/wikipedia/wikipedia.py", line 612, in links
    'pllimit': 'max'
  File "/home/airflow/.local/lib/python3.7/site-packages/wikipedia/wikipedia.py", line 608, in <listcomp>
    link['title']
  File "/home/airflow/.local/lib/python3.7/site-packages/wikipedia/wikipedia.py", line 413, in __continued_query
    request = _wiki_request(params)
  File "/home/airflow/.local/lib/python3.7/site-packages/wikipedia/wikipedia.py", line 737, in _wiki_request
    r = requests.get(API_URL, params=params, headers=headers)
  File "/home/airflow/.local/lib/python3.7/site-packages/requests/api.py", line 73, in get
    return request("get", url, params=params, **kwargs)
  File "/home/airflow/.local/lib/python3.7/site-packages/requests/api.py", line 59, in request
    return session.request(method=method, url=url, **kwargs)
  File "/home/airflow/.local/lib/python3.7/site-packages/requests/sessions.py", line 589, in request
    resp = self.send(prep, **send_kwargs)
  File "/home/airflow/.local/lib/python3.7/site-packages/requests/sessions.py", line 703, in send
    r = adapter.send(request, **kwargs)
  File "/home/airflow/.local/lib/python3.7/site-packages/requests/adapters.py", line 519, in send
    raise ConnectionError(e, request=request)
requests.exceptions.ConnectionError: HTTPConnectionPool(host='en.wikipedia.org', port=80): Max retries exceeded with url: /w/api.php?prop=links&plnamespace=0&pllimit=max&titles=Simplicial+complex&format=json&action=query (Caused by NewConnectionError('<urllib3.connection.HTTPConnection object at 0x7f4fd194ea90>: Failed to establish a new connection: [Errno -2] Name or service not known'))
[2023-07-17T21:52:51.574+0000] {taskinstance.py:1350} INFO - Marking task as FAILED. dag_id=main_dag, task_id=data_acquisition, execution_date=20230717T214539, start_date=20230717T214547, end_date=20230717T215251
[2023-07-17T21:52:51.649+0000] {standard_task_runner.py:109} ERROR - Failed to execute job 790 for task data_acquisition (HTTPConnectionPool(host='en.wikipedia.org', port=80): Max retries exceeded with url: /w/api.php?prop=links&plnamespace=0&pllimit=max&titles=Simplicial+complex&format=json&action=query (Caused by NewConnectionError('<urllib3.connection.HTTPConnection object at 0x7f4fd194ea90>: Failed to establish a new connection: [Errno -2] Name or service not known')); 517)
[2023-07-17T21:52:51.686+0000] {local_task_job_runner.py:225} INFO - Task exited with return code 1
[2023-07-17T21:52:51.746+0000] {taskinstance.py:2653} INFO - 0 downstream tasks scheduled from follow-on schedule check
